Performing C++ SOURCE FILE Test COMPILER_SUPPORT_Wshorten64to32 failed with the following output:
Change Dir: /home/rnm/project_GroupD/rnm_ss19d/Eigen/build/CMakeFiles/CMakeTmp

Run Build Command:"/usr/bin/make" "cmTC_55220/fast"
/usr/bin/make -f CMakeFiles/cmTC_55220.dir/build.make CMakeFiles/cmTC_55220.dir/build
make[1]: Entering directory '/home/rnm/project_GroupD/rnm_ss19d/Eigen/build/CMakeFiles/CMakeTmp'
Building CXX object CMakeFiles/cmTC_55220.dir/src.cxx.o
/usr/bin/c++     -std=c++03 -pedantic -Wall -Wextra -Wundef -Wcast-align -Wchar-subscripts -Wnon-virtual-dtor -Wunused-local-typedefs -Wpointer-arith -Wwrite-strings -Wformat-security -DCOMPILER_SUPPORT_Wshorten64to32 -Werror   -Wshorten-64-to-32 -o CMakeFiles/cmTC_55220.dir/src.cxx.o -c /home/rnm/project_GroupD/rnm_ss19d/Eigen/build/CMakeFiles/CMakeTmp/src.cxx
c++: error: unrecognized command line option '-Wshorten-64-to-32'
CMakeFiles/cmTC_55220.dir/build.make:65: recipe for target 'CMakeFiles/cmTC_55220.dir/src.cxx.o' failed
make[1]: *** [CMakeFiles/cmTC_55220.dir/src.cxx.o] Error 1
make[1]: Leaving directory '/home/rnm/project_GroupD/rnm_ss19d/Eigen/build/CMakeFiles/CMakeTmp'
Makefile:126: recipe for target 'cmTC_55220/fast' failed
make: *** [cmTC_55220/fast] Error 2

Source file was:
int main() { return 0; }
Performing C++ SOURCE FILE Test COMPILER_SUPPORT_Wenumconversion failed with the following output:
Change Dir: /home/rnm/project_GroupD/rnm_ss19d/Eigen/build/CMakeFiles/CMakeTmp

Run Build Command:"/usr/bin/make" "cmTC_bcd36/fast"
/usr/bin/make -f CMakeFiles/cmTC_bcd36.dir/build.make CMakeFiles/cmTC_bcd36.dir/build
make[1]: Entering directory '/home/rnm/project_GroupD/rnm_ss19d/Eigen/build/CMakeFiles/CMakeTmp'
Building CXX object CMakeFiles/cmTC_bcd36.dir/src.cxx.o
/usr/bin/c++     -std=c++03 -pedantic -Wall -Wextra -Wundef -Wcast-align -Wchar-subscripts -Wnon-virtual-dtor -Wunused-local-typedefs -Wpointer-arith -Wwrite-strings -Wformat-security -Wlogical-op -DCOMPILER_SUPPORT_Wenumconversion -Werror   -Wenum-conversion -o CMakeFiles/cmTC_bcd36.dir/src.cxx.o -c /home/rnm/project_GroupD/rnm_ss19d/Eigen/build/CMakeFiles/CMakeTmp/src.cxx
c++: error: unrecognized command line option '-Wenum-conversion'
CMakeFiles/cmTC_bcd36.dir/build.make:65: recipe for target 'CMakeFiles/cmTC_bcd36.dir/src.cxx.o' failed
make[1]: *** [CMakeFiles/cmTC_bcd36.dir/src.cxx.o] Error 1
make[1]: Leaving directory '/home/rnm/project_GroupD/rnm_ss19d/Eigen/build/CMakeFiles/CMakeTmp'
Makefile:126: recipe for target 'cmTC_bcd36/fast' failed
make: *** [cmTC_bcd36/fast] Error 2

Source file was:
int main() { return 0; }
Performing C++ SOURCE FILE Test COMPILER_SUPPORT_Wcpp11extensions failed with the following output:
Change Dir: /home/rnm/project_GroupD/rnm_ss19d/Eigen/build/CMakeFiles/CMakeTmp

Run Build Command:"/usr/bin/make" "cmTC_fefa3/fast"
/usr/bin/make -f CMakeFiles/cmTC_fefa3.dir/build.make CMakeFiles/cmTC_fefa3.dir/build
make[1]: Entering directory '/home/rnm/project_GroupD/rnm_ss19d/Eigen/build/CMakeFiles/CMakeTmp'
Building CXX object CMakeFiles/cmTC_fefa3.dir/src.cxx.o
/usr/bin/c++     -std=c++03 -pedantic -Wall -Wextra -Wundef -Wcast-align -Wchar-subscripts -Wnon-virtual-dtor -Wunused-local-typedefs -Wpointer-arith -Wwrite-strings -Wformat-security -Wlogical-op -DCOMPILER_SUPPORT_Wcpp11extensions -Werror   -Wc++11-extensions -o CMakeFiles/cmTC_fefa3.dir/src.cxx.o -c /home/rnm/project_GroupD/rnm_ss19d/Eigen/build/CMakeFiles/CMakeTmp/src.cxx
c++: error: unrecognized command line option '-Wc++11-extensions'
CMakeFiles/cmTC_fefa3.dir/build.make:65: recipe for target 'CMakeFiles/cmTC_fefa3.dir/src.cxx.o' failed
make[1]: *** [CMakeFiles/cmTC_fefa3.dir/src.cxx.o] Error 1
make[1]: Leaving directory '/home/rnm/project_GroupD/rnm_ss19d/Eigen/build/CMakeFiles/CMakeTmp'
Makefile:126: recipe for target 'cmTC_fefa3/fast' failed
make: *** [cmTC_fefa3/fast] Error 2

Source file was:
int main() { return 0; }
Performing C++ SOURCE FILE Test COMPILER_SUPPORT_wd981 failed with the following output:
Change Dir: /home/rnm/project_GroupD/rnm_ss19d/Eigen/build/CMakeFiles/CMakeTmp

Run Build Command:"/usr/bin/make" "cmTC_a8e7d/fast"
/usr/bin/make -f CMakeFiles/cmTC_a8e7d.dir/build.make CMakeFiles/cmTC_a8e7d.dir/build
make[1]: Entering directory '/home/rnm/project_GroupD/rnm_ss19d/Eigen/build/CMakeFiles/CMakeTmp'
Building CXX object CMakeFiles/cmTC_a8e7d.dir/src.cxx.o
/usr/bin/c++     -std=c++03 -pedantic -Wall -Wextra -Wundef -Wcast-align -Wchar-subscripts -Wnon-virtual-dtor -Wunused-local-typedefs -Wpointer-arith -Wwrite-strings -Wformat-security -Wlogical-op -Wdouble-promotion -Wno-psabi -Wno-variadic-macros -Wno-long-long -fno-check-new -fno-common -fstrict-aliasing -DCOMPILER_SUPPORT_wd981 -Werror   -wd981 -o CMakeFiles/cmTC_a8e7d.dir/src.cxx.o -c /home/rnm/project_GroupD/rnm_ss19d/Eigen/build/CMakeFiles/CMakeTmp/src.cxx
c++: error: unrecognized command line option '-wd981'
CMakeFiles/cmTC_a8e7d.dir/build.make:65: recipe for target 'CMakeFiles/cmTC_a8e7d.dir/src.cxx.o' failed
make[1]: *** [CMakeFiles/cmTC_a8e7d.dir/src.cxx.o] Error 1
make[1]: Leaving directory '/home/rnm/project_GroupD/rnm_ss19d/Eigen/build/CMakeFiles/CMakeTmp'
Makefile:126: recipe for target 'cmTC_a8e7d/fast' failed
make: *** [cmTC_a8e7d/fast] Error 2

Source file was:
int main() { return 0; }
Performing C++ SOURCE FILE Test COMPILER_SUPPORT_wd2304 failed with the following output:
Change Dir: /home/rnm/project_GroupD/rnm_ss19d/Eigen/build/CMakeFiles/CMakeTmp

Run Build Command:"/usr/bin/make" "cmTC_ce526/fast"
/usr/bin/make -f CMakeFiles/cmTC_ce526.dir/build.make CMakeFiles/cmTC_ce526.dir/build
make[1]: Entering directory '/home/rnm/project_GroupD/rnm_ss19d/Eigen/build/CMakeFiles/CMakeTmp'
Building CXX object CMakeFiles/cmTC_ce526.dir/src.cxx.o
/usr/bin/c++     -std=c++03 -pedantic -Wall -Wextra -Wundef -Wcast-align -Wchar-subscripts -Wnon-virtual-dtor -Wunused-local-typedefs -Wpointer-arith -Wwrite-strings -Wformat-security -Wlogical-op -Wdouble-promotion -Wno-psabi -Wno-variadic-macros -Wno-long-long -fno-check-new -fno-common -fstrict-aliasing -DCOMPILER_SUPPORT_wd2304 -Werror   -wd2304 -o CMakeFiles/cmTC_ce526.dir/src.cxx.o -c /home/rnm/project_GroupD/rnm_ss19d/Eigen/build/CMakeFiles/CMakeTmp/src.cxx
c++: error: unrecognized command line option '-wd2304'
CMakeFiles/cmTC_ce526.dir/build.make:65: recipe for target 'CMakeFiles/cmTC_ce526.dir/src.cxx.o' failed
make[1]: *** [CMakeFiles/cmTC_ce526.dir/src.cxx.o] Error 1
make[1]: Leaving directory '/home/rnm/project_GroupD/rnm_ss19d/Eigen/build/CMakeFiles/CMakeTmp'
Makefile:126: recipe for target 'cmTC_ce526/fast' failed
make: *** [cmTC_ce526/fast] Error 2

Source file was:
int main() { return 0; }
Performing C++ SOURCE FILE Test COMPILER_SUPPORT_STRICTANSI failed with the following output:
Change Dir: /home/rnm/project_GroupD/rnm_ss19d/Eigen/build/CMakeFiles/CMakeTmp

Run Build Command:"/usr/bin/make" "cmTC_9ee9b/fast"
/usr/bin/make -f CMakeFiles/cmTC_9ee9b.dir/build.make CMakeFiles/cmTC_9ee9b.dir/build
make[1]: Entering directory '/home/rnm/project_GroupD/rnm_ss19d/Eigen/build/CMakeFiles/CMakeTmp'
Building CXX object CMakeFiles/cmTC_9ee9b.dir/src.cxx.o
/usr/bin/c++     -std=c++03 -pedantic -Wall -Wextra -Wundef -Wcast-align -Wchar-subscripts -Wnon-virtual-dtor -Wunused-local-typedefs -Wpointer-arith -Wwrite-strings -Wformat-security -Wlogical-op -Wdouble-promotion -Wno-psabi -Wno-variadic-macros -Wno-long-long -fno-check-new -fno-common -fstrict-aliasing -DCOMPILER_SUPPORT_STRICTANSI -Werror   -strict-ansi -o CMakeFiles/cmTC_9ee9b.dir/src.cxx.o -c /home/rnm/project_GroupD/rnm_ss19d/Eigen/build/CMakeFiles/CMakeTmp/src.cxx
c++: error: unrecognized command line option '-strict-ansi'
CMakeFiles/cmTC_9ee9b.dir/build.make:65: recipe for target 'CMakeFiles/cmTC_9ee9b.dir/src.cxx.o' failed
make[1]: *** [CMakeFiles/cmTC_9ee9b.dir/src.cxx.o] Error 1
make[1]: Leaving directory '/home/rnm/project_GroupD/rnm_ss19d/Eigen/build/CMakeFiles/CMakeTmp'
Makefile:126: recipe for target 'cmTC_9ee9b/fast' failed
make: *** [cmTC_9ee9b/fast] Error 2

Source file was:
int main() { return 0; }
Performing C++ SOURCE FILE Test COMPILER_SUPPORT_Qunusedarguments failed with the following output:
Change Dir: /home/rnm/project_GroupD/rnm_ss19d/Eigen/build/CMakeFiles/CMakeTmp

Run Build Command:"/usr/bin/make" "cmTC_4049b/fast"
/usr/bin/make -f CMakeFiles/cmTC_4049b.dir/build.make CMakeFiles/cmTC_4049b.dir/build
make[1]: Entering directory '/home/rnm/project_GroupD/rnm_ss19d/Eigen/build/CMakeFiles/CMakeTmp'
Building CXX object CMakeFiles/cmTC_4049b.dir/src.cxx.o
/usr/bin/c++     -std=c++03 -pedantic -Wall -Wextra -Wundef -Wcast-align -Wchar-subscripts -Wnon-virtual-dtor -Wunused-local-typedefs -Wpointer-arith -Wwrite-strings -Wformat-security -Wlogical-op -Wdouble-promotion -Wno-psabi -Wno-variadic-macros -Wno-long-long -fno-check-new -fno-common -fstrict-aliasing -DCOMPILER_SUPPORT_Qunusedarguments -Werror   -Qunused-arguments -o CMakeFiles/cmTC_4049b.dir/src.cxx.o -c /home/rnm/project_GroupD/rnm_ss19d/Eigen/build/CMakeFiles/CMakeTmp/src.cxx
c++: error: unrecognized command line option '-Qunused-arguments'
CMakeFiles/cmTC_4049b.dir/build.make:65: recipe for target 'CMakeFiles/cmTC_4049b.dir/src.cxx.o' failed
make[1]: *** [CMakeFiles/cmTC_4049b.dir/src.cxx.o] Error 1
make[1]: Leaving directory '/home/rnm/project_GroupD/rnm_ss19d/Eigen/build/CMakeFiles/CMakeTmp'
Makefile:126: recipe for target 'cmTC_4049b/fast' failed
make: *** [cmTC_4049b/fast] Error 2

Source file was:
int main() { return 0; }
Determining if the Q_WS_WIN exist failed with the following output:
Change Dir: /home/rnm/project_GroupD/rnm_ss19d/Eigen/build/CMakeFiles/CMakeTmp

Run Build Command:"/usr/bin/make" "cmTC_a3398/fast"
/usr/bin/make -f CMakeFiles/cmTC_a3398.dir/build.make CMakeFiles/cmTC_a3398.dir/build
make[1]: Entering directory '/home/rnm/project_GroupD/rnm_ss19d/Eigen/build/CMakeFiles/CMakeTmp'
Building CXX object CMakeFiles/cmTC_a3398.dir/CheckSymbolExists.cxx.o
/usr/bin/c++    -I/usr/include/qt4  -std=c++03 -pedantic -Wall -Wextra -Wundef -Wcast-align -Wchar-subscripts -Wnon-virtual-dtor -Wunused-local-typedefs -Wpointer-arith -Wwrite-strings -Wformat-security -Wlogical-op -Wdouble-promotion -Wno-psabi -Wno-variadic-macros -Wno-long-long -fno-check-new -fno-common -fstrict-aliasing -ansi -O1 -g1    -o CMakeFiles/cmTC_a3398.dir/CheckSymbolExists.cxx.o -c /home/rnm/project_GroupD/rnm_ss19d/Eigen/build/CMakeFiles/CMakeTmp/CheckSymbolExists.cxx
/home/rnm/project_GroupD/rnm_ss19d/Eigen/build/CMakeFiles/CMakeTmp/CheckSymbolExists.cxx: In function ‘int main(int, char**)’:
/home/rnm/project_GroupD/rnm_ss19d/Eigen/build/CMakeFiles/CMakeTmp/CheckSymbolExists.cxx:8:19: error: ‘Q_WS_WIN’ was not declared in this scope
   return ((int*)(&Q_WS_WIN))[argc];
                   ^
CMakeFiles/cmTC_a3398.dir/build.make:65: recipe for target 'CMakeFiles/cmTC_a3398.dir/CheckSymbolExists.cxx.o' failed
make[1]: *** [CMakeFiles/cmTC_a3398.dir/CheckSymbolExists.cxx.o] Error 1
make[1]: Leaving directory '/home/rnm/project_GroupD/rnm_ss19d/Eigen/build/CMakeFiles/CMakeTmp'
Makefile:126: recipe for target 'cmTC_a3398/fast' failed
make: *** [cmTC_a3398/fast] Error 2

File /home/rnm/project_GroupD/rnm_ss19d/Eigen/build/CMakeFiles/CMakeTmp/CheckSymbolExists.cxx:
/* */
#include <QtCore/qglobal.h>

int main(int argc, char** argv)
{
  (void)argv;
#ifndef Q_WS_WIN
  return ((int*)(&Q_WS_WIN))[argc];
#else
  (void)argc;
  return 0;
#endif
}

Determining if the Q_WS_QWS exist failed with the following output:
Change Dir: /home/rnm/project_GroupD/rnm_ss19d/Eigen/build/CMakeFiles/CMakeTmp

Run Build Command:"/usr/bin/make" "cmTC_0b6c5/fast"
/usr/bin/make -f CMakeFiles/cmTC_0b6c5.dir/build.make CMakeFiles/cmTC_0b6c5.dir/build
make[1]: Entering directory '/home/rnm/project_GroupD/rnm_ss19d/Eigen/build/CMakeFiles/CMakeTmp'
Building CXX object CMakeFiles/cmTC_0b6c5.dir/CheckSymbolExists.cxx.o
/usr/bin/c++    -I/usr/include/qt4  -std=c++03 -pedantic -Wall -Wextra -Wundef -Wcast-align -Wchar-subscripts -Wnon-virtual-dtor -Wunused-local-typedefs -Wpointer-arith -Wwrite-strings -Wformat-security -Wlogical-op -Wdouble-promotion -Wno-psabi -Wno-variadic-macros -Wno-long-long -fno-check-new -fno-common -fstrict-aliasing -ansi -O1 -g1    -o CMakeFiles/cmTC_0b6c5.dir/CheckSymbolExists.cxx.o -c /home/rnm/project_GroupD/rnm_ss19d/Eigen/build/CMakeFiles/CMakeTmp/CheckSymbolExists.cxx
/home/rnm/project_GroupD/rnm_ss19d/Eigen/build/CMakeFiles/CMakeTmp/CheckSymbolExists.cxx: In function ‘int main(int, char**)’:
/home/rnm/project_GroupD/rnm_ss19d/Eigen/build/CMakeFiles/CMakeTmp/CheckSymbolExists.cxx:8:19: error: ‘Q_WS_QWS’ was not declared in this scope
   return ((int*)(&Q_WS_QWS))[argc];
                   ^
CMakeFiles/cmTC_0b6c5.dir/build.make:65: recipe for target 'CMakeFiles/cmTC_0b6c5.dir/CheckSymbolExists.cxx.o' failed
make[1]: *** [CMakeFiles/cmTC_0b6c5.dir/CheckSymbolExists.cxx.o] Error 1
make[1]: Leaving directory '/home/rnm/project_GroupD/rnm_ss19d/Eigen/build/CMakeFiles/CMakeTmp'
Makefile:126: recipe for target 'cmTC_0b6c5/fast' failed
make: *** [cmTC_0b6c5/fast] Error 2

File /home/rnm/project_GroupD/rnm_ss19d/Eigen/build/CMakeFiles/CMakeTmp/CheckSymbolExists.cxx:
/* */
#include <QtCore/qglobal.h>

int main(int argc, char** argv)
{
  (void)argv;
#ifndef Q_WS_QWS
  return ((int*)(&Q_WS_QWS))[argc];
#else
  (void)argc;
  return 0;
#endif
}

Determining if the Q_WS_MAC exist failed with the following output:
Change Dir: /home/rnm/project_GroupD/rnm_ss19d/Eigen/build/CMakeFiles/CMakeTmp

Run Build Command:"/usr/bin/make" "cmTC_31050/fast"
/usr/bin/make -f CMakeFiles/cmTC_31050.dir/build.make CMakeFiles/cmTC_31050.dir/build
make[1]: Entering directory '/home/rnm/project_GroupD/rnm_ss19d/Eigen/build/CMakeFiles/CMakeTmp'
Building CXX object CMakeFiles/cmTC_31050.dir/CheckSymbolExists.cxx.o
/usr/bin/c++    -I/usr/include/qt4  -std=c++03 -pedantic -Wall -Wextra -Wundef -Wcast-align -Wchar-subscripts -Wnon-virtual-dtor -Wunused-local-typedefs -Wpointer-arith -Wwrite-strings -Wformat-security -Wlogical-op -Wdouble-promotion -Wno-psabi -Wno-variadic-macros -Wno-long-long -fno-check-new -fno-common -fstrict-aliasing -ansi -O1 -g1    -o CMakeFiles/cmTC_31050.dir/CheckSymbolExists.cxx.o -c /home/rnm/project_GroupD/rnm_ss19d/Eigen/build/CMakeFiles/CMakeTmp/CheckSymbolExists.cxx
/home/rnm/project_GroupD/rnm_ss19d/Eigen/build/CMakeFiles/CMakeTmp/CheckSymbolExists.cxx: In function ‘int main(int, char**)’:
/home/rnm/project_GroupD/rnm_ss19d/Eigen/build/CMakeFiles/CMakeTmp/CheckSymbolExists.cxx:8:19: error: ‘Q_WS_MAC’ was not declared in this scope
   return ((int*)(&Q_WS_MAC))[argc];
                   ^
CMakeFiles/cmTC_31050.dir/build.make:65: recipe for target 'CMakeFiles/cmTC_31050.dir/CheckSymbolExists.cxx.o' failed
make[1]: *** [CMakeFiles/cmTC_31050.dir/CheckSymbolExists.cxx.o] Error 1
make[1]: Leaving directory '/home/rnm/project_GroupD/rnm_ss19d/Eigen/build/CMakeFiles/CMakeTmp'
Makefile:126: recipe for target 'cmTC_31050/fast' failed
make: *** [cmTC_31050/fast] Error 2

File /home/rnm/project_GroupD/rnm_ss19d/Eigen/build/CMakeFiles/CMakeTmp/CheckSymbolExists.cxx:
/* */
#include <QtCore/qglobal.h>

int main(int argc, char** argv)
{
  (void)argv;
#ifndef Q_WS_MAC
  return ((int*)(&Q_WS_MAC))[argc];
#else
  (void)argc;
  return 0;
#endif
}

Determining if the pthread_create exist failed with the following output:
Change Dir: /home/rnm/project_GroupD/rnm_ss19d/Eigen/build/CMakeFiles/CMakeTmp

Run Build Command:"/usr/bin/make" "cmTC_cf01d/fast"
/usr/bin/make -f CMakeFiles/cmTC_cf01d.dir/build.make CMakeFiles/cmTC_cf01d.dir/build
make[1]: Entering directory '/home/rnm/project_GroupD/rnm_ss19d/Eigen/build/CMakeFiles/CMakeTmp'
Building C object CMakeFiles/cmTC_cf01d.dir/CheckSymbolExists.c.o
/usr/bin/cc     -o CMakeFiles/cmTC_cf01d.dir/CheckSymbolExists.c.o   -c /home/rnm/project_GroupD/rnm_ss19d/Eigen/build/CMakeFiles/CMakeTmp/CheckSymbolExists.c
Linking C executable cmTC_cf01d
/usr/bin/cmake -E cmake_link_script CMakeFiles/cmTC_cf01d.dir/link.txt --verbose=1
/usr/bin/cc       CMakeFiles/cmTC_cf01d.dir/CheckSymbolExists.c.o  -o cmTC_cf01d -rdynamic 
CMakeFiles/cmTC_cf01d.dir/CheckSymbolExists.c.o: In function `main':
CheckSymbolExists.c:(.text+0x16): undefined reference to `pthread_create'
collect2: error: ld returned 1 exit status
CMakeFiles/cmTC_cf01d.dir/build.make:97: recipe for target 'cmTC_cf01d' failed
make[1]: *** [cmTC_cf01d] Error 1
make[1]: Leaving directory '/home/rnm/project_GroupD/rnm_ss19d/Eigen/build/CMakeFiles/CMakeTmp'
Makefile:126: recipe for target 'cmTC_cf01d/fast' failed
make: *** [cmTC_cf01d/fast] Error 2

File /home/rnm/project_GroupD/rnm_ss19d/Eigen/build/CMakeFiles/CMakeTmp/CheckSymbolExists.c:
/* */
#include <pthread.h>

int main(int argc, char** argv)
{
  (void)argv;
#ifndef pthread_create
  return ((int*)(&pthread_create))[argc];
#else
  (void)argc;
  return 0;
#endif
}

Determining if the function pthread_create exists in the pthreads failed with the following output:
Change Dir: /home/rnm/project_GroupD/rnm_ss19d/Eigen/build/CMakeFiles/CMakeTmp

Run Build Command:"/usr/bin/make" "cmTC_6b5c6/fast"
/usr/bin/make -f CMakeFiles/cmTC_6b5c6.dir/build.make CMakeFiles/cmTC_6b5c6.dir/build
make[1]: Entering directory '/home/rnm/project_GroupD/rnm_ss19d/Eigen/build/CMakeFiles/CMakeTmp'
Building C object CMakeFiles/cmTC_6b5c6.dir/CheckFunctionExists.c.o
/usr/bin/cc    -DCHECK_FUNCTION_EXISTS=pthread_create   -o CMakeFiles/cmTC_6b5c6.dir/CheckFunctionExists.c.o   -c /usr/share/cmake-3.5/Modules/CheckFunctionExists.c
Linking C executable cmTC_6b5c6
/usr/bin/cmake -E cmake_link_script CMakeFiles/cmTC_6b5c6.dir/link.txt --verbose=1
/usr/bin/cc   -DCHECK_FUNCTION_EXISTS=pthread_create    CMakeFiles/cmTC_6b5c6.dir/CheckFunctionExists.c.o  -o cmTC_6b5c6 -rdynamic -lpthreads 
/usr/bin/ld: cannot find -lpthreads
collect2: error: ld returned 1 exit status
CMakeFiles/cmTC_6b5c6.dir/build.make:97: recipe for target 'cmTC_6b5c6' failed
make[1]: *** [cmTC_6b5c6] Error 1
make[1]: Leaving directory '/home/rnm/project_GroupD/rnm_ss19d/Eigen/build/CMakeFiles/CMakeTmp'
Makefile:126: recipe for target 'cmTC_6b5c6/fast' failed
make: *** [cmTC_6b5c6/fast] Error 2


